<?xml version="1.0" encoding="UTF-8"?>
<!-- Generated by org.testng.reporters.JUnitReportReporter -->
<testsuite hostname="LAPTOP-VCOBUPJK" failures="0" tests="1" name="Test1" time="0.023" errors="0" timestamp="2023-10-22T16:30:30 GMT-04:00" skipped="0">
  <testcase classname="Test1" name="body" time="0.023"/>
</testsuite> <!-- Test1 -->
