<?xml version="1.0" encoding="UTF-8"?>
<!-- Generated by org.testng.reporters.JUnitReportReporter -->
<testsuite hostname="LAPTOP-VCOBUPJK" failures="0" tests="3" name="DynamicJson" time="4.426" errors="0" timestamp="2023-10-16T23:47:52 GMT-04:00" skipped="0">
  <testcase classname="DynamicJson" name="addBook" time="0.648"/>
  <testcase classname="DynamicJson" name="addBook" time="0.647"/>
  <testcase classname="DynamicJson" name="addBook" time="3.131"/>
</testsuite> <!-- DynamicJson -->
