<?xml version="1.0" encoding="UTF-8"?>
<!-- Generated by org.testng.reporters.JUnitReportReporter -->
<testsuite hostname="LAPTOP-VCOBUPJK" failures="0" tests="1" name="SumValidation" time="1.246" errors="0" timestamp="2023-10-12T13:19:07 GMT-04:00" skipped="0">
  <testcase classname="SumValidation" name="sumOfCourses" time="1.246"/>
</testsuite> <!-- SumValidation -->
